2020-01-29 11:55:43 [main]  INFO ua.lviv.lgs.ProjectApplication - Starting ProjectApplication on User-ПК with PID 10440 (C:\Users\Brux\git\Finals\project\target\classes started by Brux in C:\Users\Brux\git\Finals\project)
 2020-01-29 11:55:43 [main]  INFO ua.lviv.lgs.ProjectApplication - No active profile set, falling back to default profiles: default
 2020-01-29 11:55:44 [main]  INFO o.s.d.r.c.RepositoryConfigurationDelegate - Bootstrapping Spring Data repositories in DEFAULT mode.
 2020-01-29 11:55:44 [main]  INFO o.s.d.r.c.RepositoryConfigurationDelegate - Finished Spring Data repository scanning in 57ms. Found 3 repository interfaces.
 2020-01-29 11:55:44 [main]  INFO o.s.c.s.PostProcessorRegistrationDelegate$BeanPostProcessorChecker - Bean 'org.springframework.transaction.annotation.ProxyTransactionManagementConfiguration' of type [org.springframework.transaction.annotation.ProxyTransactionManagementConfiguration$$EnhancerBySpringCGLIB$$1be26b7b] is not eligible for getting processed by all BeanPostProcessors (for example: not eligible for auto-proxying)
 2020-01-29 11:55:44 [main]  INFO o.s.b.w.e.tomcat.TomcatWebServer - Tomcat initialized with port(s): 8080 (http)
 2020-01-29 11:55:44 [main]  INFO o.a.catalina.core.StandardService - Starting service [Tomcat]
 2020-01-29 11:55:44 [main]  INFO o.a.catalina.core.StandardEngine - Starting Servlet engine: [Apache Tomcat/9.0.16]
 2020-01-29 11:55:44 [main]  INFO o.a.c.core.AprLifecycleListener - The APR based Apache Tomcat Native library which allows optimal performance in production environments was not found on the java.library.path: [C:\Program Files\Java\jdk-12.0.2\bin;C:\Windows\Sun\Java\bin;C:\Windows\system32;C:\Windows;C:/Program Files/Java/jdk-12.0.2/bin/server;C:/Program Files/Java/jdk-12.0.2/bin;C:\Program Files (x86)\Common Files\Oracle\Java\javapath;C:\Windows\system32;C:\Windows;C:\Windows\System32\Wbem;C:\Windows\System32\WindowsPowerShell\v1.0\;C:\Windows\System32\OpenSSH\;C:\Program Files\NVIDIA Corporation\NVIDIA NvDLISR;C:\Program Files (x86)\NVIDIA Corporation\PhysX\Common;C:\Program Files\Git\cmd;C:\Program Files\nodejs\;C:\Program Files\MySQL\MySQL Shell 8.0\bin\;C:\Users\Brux\AppData\Local\Microsoft\WindowsApps;C:\Users\Brux\AppData\Roaming\npm;C:\Users\Brux\Desktop;;.]
 2020-01-29 11:55:45 [main]  INFO org.apache.jasper.servlet.TldScanner - At least one JAR was scanned for TLDs yet contained no TLDs. Enable debug logging for this logger for a complete list of JARs that were scanned but no TLDs were found in them. Skipping unneeded JARs during scanning can improve startup time and JSP compilation time.
 2020-01-29 11:55:45 [main]  INFO o.a.c.c.C.[Tomcat].[localhost].[/] - Initializing Spring embedded WebApplicationContext
 2020-01-29 11:55:45 [main]  INFO com.zaxxer.hikari.HikariDataSource - HikariPool-1 - Starting...
 2020-01-29 11:55:45 [main]  INFO com.zaxxer.hikari.HikariDataSource - HikariPool-1 - Start completed.
 2020-01-29 11:55:45 [main]  INFO o.h.jpa.internal.util.LogHelper - HHH000204: Processing PersistenceUnitInfo [
	name: default
	...]
 2020-01-29 11:55:45 [main]  INFO org.hibernate.Version - HHH000412: Hibernate Core {5.3.7.Final}
 2020-01-29 11:55:45 [main]  INFO org.hibernate.cfg.Environment - HHH000206: hibernate.properties not found
 2020-01-29 11:55:45 [main]  INFO o.h.annotations.common.Version - HCANN000001: Hibernate Commons Annotations {5.0.4.Final}
 2020-01-29 11:55:45 [main]  INFO org.hibernate.dialect.Dialect - HHH000400: Using dialect: org.hibernate.dialect.MySQL57Dialect
 2020-01-29 11:55:46 [main]  INFO o.s.o.j.LocalContainerEntityManagerFactoryBean - Initialized JPA EntityManagerFactory for persistence unit 'default'
 2020-01-29 11:55:46 [main]  INFO o.s.s.web.DefaultSecurityFilterChain - Creating filter chain: any request, [org.springframework.security.web.context.request.async.WebAsyncManagerIntegrationFilter@21bd6fd1, org.springframework.security.web.context.SecurityContextPersistenceFilter@2d758472, org.springframework.security.web.header.HeaderWriterFilter@7d75940, org.springframework.security.web.csrf.CsrfFilter@25c4f621, org.springframework.security.web.authentication.logout.LogoutFilter@bd703bb, org.springframework.security.web.authentication.UsernamePasswordAuthenticationFilter@603faaad, org.springframework.security.web.savedrequest.RequestCacheAwareFilter@c49e434, org.springframework.security.web.servletapi.SecurityContextHolderAwareRequestFilter@3c538e62, org.springframework.security.web.authentication.AnonymousAuthenticationFilter@79e9c14, org.springframework.security.web.session.SessionManagementFilter@6773bab2, org.springframework.security.web.access.ExceptionTranslationFilter@16c9f7f0, org.springframework.security.web.access.intercept.FilterSecurityInterceptor@67e1a5fd]
 2020-01-29 11:55:47 [main]  INFO o.s.s.c.ThreadPoolTaskExecutor - Initializing ExecutorService 'applicationTaskExecutor'
 2020-01-29 11:55:47 [main]  WARN o.s.b.a.o.j.JpaBaseConfiguration$JpaWebConfiguration$JpaWebMvcConfiguration - spring.jpa.open-in-view is enabled by default. Therefore, database queries may be performed during view rendering. Explicitly configure spring.jpa.open-in-view to disable this warning
 2020-01-29 11:55:47 [main]  INFO o.s.b.w.e.tomcat.TomcatWebServer - Tomcat started on port(s): 8080 (http) with context path ''
 2020-01-29 11:55:47 [main]  INFO ua.lviv.lgs.ProjectApplication - Started ProjectApplication in 3.948 seconds (JVM running for 4.204)
 2020-01-29 11:55:50 [http-nio-8080-exec-1]  INFO o.a.c.c.C.[Tomcat].[localhost].[/] - Initializing Spring DispatcherServlet 'dispatcherServlet'
 2020-01-29 11:55:56 [http-nio-8080-exec-1]  INFO o.h.h.i.QueryTranslatorFactoryInitiator - HHH000397: Using ASTQueryTranslatorFactory
 2020-01-29 11:55:56 [http-nio-8080-exec-1] DEBUG org.hibernate.SQL - select user0_.id as id1_4_, user0_.email as email2_4_, user0_.name as name3_4_, user0_.password as password4_4_, user0_.role as role5_4_, user0_.surname as surname6_4_ from users user0_ where user0_.email=?
 